<?xml version="1.0" encoding="UTF-8"?>
<!-- Generated by org.testng.reporters.JUnitXMLReporter -->
<testsuite ignored="6" hostname="DESKTOP-R4OAK6D" failures="0" tests="7" name="chromeTest" time="151.575" errors="0" timestamp="2024-03-19T23:44:53 IST">
  <testcase classname="test.TC002_Logintest" name="login" time="6.257"/>
  <testcase classname="test.TC002_Logintest" name="login" time="3.991"/>
  <testcase classname="test.TC002_Logintest" name="login" time="3.877"/>
  <testcase classname="test.TC002_Logintest" name="login" time="3.721"/>
  <testcase classname="test.TC003a_Onewaytest" name="one_way" time="21.22"/>
  <testcase classname="test.TC003b_Roundtriptest" name="round_Trip" time="21.505"/>
  <testcase classname="test.TC009_Bookingpagetest" name="checkin_Display" time="0.438"/>
  <testcase classname="base.ProjectSpecification" name="@BeforeSuite getreport" time="0.0">
    <ignored/>
  </testcase> <!-- @BeforeSuite getreport -->
  <testcase classname="base.ProjectSpecification" name="@BeforeSuite getreport" time="0.0">
    <ignored/>
  </testcase> <!-- @BeforeSuite getreport -->
  <testcase classname="base.ProjectSpecification" name="@BeforeSuite getreport" time="0.0">
    <ignored/>
  </testcase> <!-- @BeforeSuite getreport -->
  <testcase classname="base.ProjectSpecification" name="@AfterSuite closereport" time="0.0">
    <ignored/>
  </testcase> <!-- @AfterSuite closereport -->
  <testcase classname="base.ProjectSpecification" name="@AfterSuite closereport" time="0.0">
    <ignored/>
  </testcase> <!-- @AfterSuite closereport -->
  <testcase classname="base.ProjectSpecification" name="@AfterSuite closereport" time="0.0">
    <ignored/>
  </testcase> <!-- @AfterSuite closereport -->
</testsuite> <!-- chromeTest -->
