<?xml version="1.0" encoding="UTF-8"?>
<!-- Generated by org.testng.reporters.JUnitXMLReporter -->
<testsuite ignored="6" hostname="DESKTOP-R4OAK6D" failures="0" tests="7" name="chromeTest" time="140.32" errors="0" timestamp="2024-03-20T00:01:03 IST">
  <testcase classname="test.TC002_Logintest" name="login" time="5.731"/>
  <testcase classname="test.TC002_Logintest" name="login" time="3.889"/>
  <testcase classname="test.TC002_Logintest" name="login" time="3.816"/>
  <testcase classname="test.TC002_Logintest" name="login" time="3.871"/>
  <testcase classname="test.TC003a_Onewaytest" name="one_way" time="22.704"/>
  <testcase classname="test.TC003b_Roundtriptest" name="round_Trip" time="18.726"/>
  <testcase classname="test.TC009_Bookingpagetest" name="checkin_Display" time="0.215"/>
  <testcase classname="base.ProjectSpecification" name="@BeforeSuite getreport" time="0.0">
    <ignored/>
  </testcase> <!-- @BeforeSuite getreport -->
  <testcase classname="base.ProjectSpecification" name="@AfterSuite closereport" time="0.0">
    <ignored/>
  </testcase> <!-- @AfterSuite closereport -->
  <testcase classname="base.ProjectSpecification" name="@BeforeSuite getreport" time="0.0">
    <ignored/>
  </testcase> <!-- @BeforeSuite getreport -->
  <testcase classname="base.ProjectSpecification" name="@AfterSuite closereport" time="0.0">
    <ignored/>
  </testcase> <!-- @AfterSuite closereport -->
  <testcase classname="base.ProjectSpecification" name="@AfterSuite closereport" time="0.0">
    <ignored/>
  </testcase> <!-- @AfterSuite closereport -->
  <testcase classname="base.ProjectSpecification" name="@BeforeSuite getreport" time="0.0">
    <ignored/>
  </testcase> <!-- @BeforeSuite getreport -->
</testsuite> <!-- chromeTest -->
